1531751470552	geckodriver	INFO	geckodriver 0.21.0
1531751470564	geckodriver	INFO	Listening on 127.0.0.1:64339
1531751471568	mozrunner::runner	INFO	Running command: "/Applications/Firefox.app/Contents/MacOS/firefox-bin" "-marionette" "-foreground" "-no-remote" "-profile" "/var/folders/h2/49brz8mn4qj04ljgy4r7gbc80000gn/T/rust_mozprofile.GOWkFBbxFeqp"
2018-07-16 23:31:13.697 plugin-container[34334:4223203] *** CFMessagePort: bootstrap_register(): failed 1100 (0x44c) 'Permission denied', port = 0x943b, name = 'com.apple.tsm.portname'
See /usr/include/servers/bootstrap_defs.h for the error codes.
2018-07-16 23:31:14.196 plugin-container[34335:4223235] *** CFMessagePort: bootstrap_register(): failed 1100 (0x44c) 'Permission denied', port = 0x9637, name = 'com.apple.tsm.portname'
See /usr/include/servers/bootstrap_defs.h for the error codes.
1531751474625	Marionette	INFO	Listening on port 64350
1531751474695	Marionette	WARN	TLS certificate errors will be ignored for this session
2018-07-16 23:31:15.146 plugin-container[34336:4223355] *** CFMessagePort: bootstrap_register(): failed 1100 (0x44c) 'Permission denied', port = 0x9337, name = 'com.apple.tsm.portname'
See /usr/include/servers/bootstrap_defs.h for the error codes.
1531751506291	geckodriver	INFO	geckodriver 0.21.0
1531751506307	geckodriver	INFO	Listening on 127.0.0.1:64400
1531751507318	mozrunner::runner	INFO	Running command: "/Applications/Firefox.app/Contents/MacOS/firefox-bin" "-marionette" "-foreground" "-no-remote" "-profile" "/var/folders/h2/49brz8mn4qj04ljgy4r7gbc80000gn/T/rust_mozprofile.172xCbrJ4Kvd"
2018-07-16 23:31:49.316 plugin-container[34363:4226756] *** CFMessagePort: bootstrap_register(): failed 1100 (0x44c) 'Permission denied', port = 0x9933, name = 'com.apple.tsm.portname'
See /usr/include/servers/bootstrap_defs.h for the error codes.
2018-07-16 23:31:49.596 plugin-container[34364:4226780] *** CFMessagePort: bootstrap_register(): failed 1100 (0x44c) 'Permission denied', port = 0x9533, name = 'com.apple.tsm.portname'
See /usr/include/servers/bootstrap_defs.h for the error codes.
1531751509972	Marionette	INFO	Listening on port 64411
1531751510023	Marionette	WARN	TLS certificate errors will be ignored for this session
2018-07-16 23:31:50.437 plugin-container[34366:4226904] *** CFMessagePort: bootstrap_register(): failed 1100 (0x44c) 'Permission denied', port = 0x9237, name = 'com.apple.tsm.portname'
See /usr/include/servers/bootstrap_defs.h for the error codes.
1531751555137	geckodriver	INFO	geckodriver 0.21.0
1531751555147	geckodriver	INFO	Listening on 127.0.0.1:64479
1531751556152	mozrunner::runner	INFO	Running command: "/Applications/Firefox.app/Contents/MacOS/firefox-bin" "-marionette" "-foreground" "-no-remote" "-profile" "/var/folders/h2/49brz8mn4qj04ljgy4r7gbc80000gn/T/rust_mozprofile.bDG9Ifudxy3u"
2018-07-16 23:32:38.194 plugin-container[34397:4229907] *** CFMessagePort: bootstrap_register(): failed 1100 (0x44c) 'Permission denied', port = 0x9b37, name = 'com.apple.tsm.portname'
See /usr/include/servers/bootstrap_defs.h for the error codes.
2018-07-16 23:32:38.524 plugin-container[34398:4229975] *** CFMessagePort: bootstrap_register(): failed 1100 (0x44c) 'Permission denied', port = 0x9733, name = 'com.apple.tsm.portname'
See /usr/include/servers/bootstrap_defs.h for the error codes.
1531751558880	Marionette	INFO	Listening on port 64490
1531751558961	Marionette	WARN	TLS certificate errors will be ignored for this session
2018-07-16 23:32:39.419 plugin-container[34399:4230293] *** CFMessagePort: bootstrap_register(): failed 1100 (0x44c) 'Permission denied', port = 0x9337, name = 'com.apple.tsm.portname'
See /usr/include/servers/bootstrap_defs.h for the error codes.
1531751667589	geckodriver	INFO	geckodriver 0.21.0
1531751667600	geckodriver	INFO	Listening on 127.0.0.1:64574
1531751668606	mozrunner::runner	INFO	Running command: "/Applications/Firefox.app/Contents/MacOS/firefox-bin" "-marionette" "-foreground" "-no-remote" "-profile" "/var/folders/h2/49brz8mn4qj04ljgy4r7gbc80000gn/T/rust_mozprofile.yMk3CISeVh3a"
2018-07-16 23:34:30.567 plugin-container[34466:4238375] *** CFMessagePort: bootstrap_register(): failed 1100 (0x44c) 'Permission denied', port = 0x983b, name = 'com.apple.tsm.portname'
See /usr/include/servers/bootstrap_defs.h for the error codes.
2018-07-16 23:34:30.873 plugin-container[34468:4238402] *** CFMessagePort: bootstrap_register(): failed 1100 (0x44c) 'Permission denied', port = 0x9637, name = 'com.apple.tsm.portname'
See /usr/include/servers/bootstrap_defs.h for the error codes.
1531751671190	Marionette	INFO	Listening on port 64585
1531751671297	Marionette	WARN	TLS certificate errors will be ignored for this session
2018-07-16 23:34:31.693 plugin-container[34469:4238557] *** CFMessagePort: bootstrap_register(): failed 1100 (0x44c) 'Permission denied', port = 0x9337, name = 'com.apple.tsm.portname'
See /usr/include/servers/bootstrap_defs.h for the error codes.
*** UTM:SVC TimerManager:registerTimer called after profile-before-change notification. Ignoring timer registration for id: telemetry_modules_ping
