1531567110546	geckodriver	INFO	geckodriver 0.21.0
1531567110564	geckodriver	INFO	Listening on 127.0.0.1:60546
1531567111567	mozrunner::runner	INFO	Running command: "/Applications/Firefox.app/Contents/MacOS/firefox-bin" "-marionette" "-foreground" "-no-remote" "-profile" "/var/folders/h2/49brz8mn4qj04ljgy4r7gbc80000gn/T/rust_mozprofile.9cTxhz7ozm4O"
2018-07-14 20:18:33.695 plugin-container[4782:712776] *** CFMessagePort: bootstrap_register(): failed 1100 (0x44c) 'Permission denied', port = 0x9537, name = 'com.apple.tsm.portname'
See /usr/include/servers/bootstrap_defs.h for the error codes.
2018-07-14 20:18:34.266 plugin-container[4783:712805] *** CFMessagePort: bootstrap_register(): failed 1100 (0x44c) 'Permission denied', port = 0x9833, name = 'com.apple.tsm.portname'
See /usr/include/servers/bootstrap_defs.h for the error codes.
1531567114799	Marionette	INFO	Listening on port 60557
1531567114899	Marionette	WARN	TLS certificate errors will be ignored for this session
2018-07-14 20:18:34.927 plugin-container[4785:712915] *** CFMessagePort: bootstrap_register(): failed 1100 (0x44c) 'Permission denied', port = 0x9233, name = 'com.apple.tsm.portname'
See /usr/include/servers/bootstrap_defs.h for the error codes.
2018-07-14 20:18:48.985 plugin-container[4788:715433] *** CFMessagePort: bootstrap_register(): failed 1100 (0x44c) 'Permission denied', port = 0x9337, name = 'com.apple.tsm.portname'
See /usr/include/servers/bootstrap_defs.h for the error codes.
1531567217892	geckodriver	INFO	geckodriver 0.21.0
1531567217902	geckodriver	INFO	Listening on 127.0.0.1:60694
1531567218906	mozrunner::runner	INFO	Running command: "/Applications/Firefox.app/Contents/MacOS/firefox-bin" "-marionette" "-foreground" "-no-remote" "-profile" "/var/folders/h2/49brz8mn4qj04ljgy4r7gbc80000gn/T/rust_mozprofile.CyU3r5pFvMU8"
2018-07-14 20:20:21.189 plugin-container[4800:720305] *** CFMessagePort: bootstrap_register(): failed 1100 (0x44c) 'Permission denied', port = 0x9537, name = 'com.apple.tsm.portname'
See /usr/include/servers/bootstrap_defs.h for the error codes.
2018-07-14 20:20:21.452 plugin-container[4801:720334] *** CFMessagePort: bootstrap_register(): failed 1100 (0x44c) 'Permission denied', port = 0x9937, name = 'com.apple.tsm.portname'
See /usr/include/servers/bootstrap_defs.h for the error codes.
1531567221633	Marionette	INFO	Listening on port 60705
1531567221711	Marionette	WARN	TLS certificate errors will be ignored for this session
2018-07-14 20:20:22.281 plugin-container[4802:720513] *** CFMessagePort: bootstrap_register(): failed 1100 (0x44c) 'Permission denied', port = 0x932f, name = 'com.apple.tsm.portname'
See /usr/include/servers/bootstrap_defs.h for the error codes.
1531567263128	geckodriver	INFO	geckodriver 0.21.0
1531567263139	geckodriver	INFO	Listening on 127.0.0.1:60773
1531567264140	mozrunner::runner	INFO	Running command: "/Applications/Firefox.app/Contents/MacOS/firefox-bin" "-marionette" "-foreground" "-no-remote" "-profile" "/var/folders/h2/49brz8mn4qj04ljgy4r7gbc80000gn/T/rust_mozprofile.Bzs4Y5JbEN5Y"
2018-07-14 20:21:06.297 plugin-container[4809:722993] *** CFMessagePort: bootstrap_register(): failed 1100 (0x44c) 'Permission denied', port = 0x9837, name = 'com.apple.tsm.portname'
See /usr/include/servers/bootstrap_defs.h for the error codes.
2018-07-14 20:21:06.687 plugin-container[4810:723019] *** CFMessagePort: bootstrap_register(): failed 1100 (0x44c) 'Permission denied', port = 0x953f, name = 'com.apple.tsm.portname'
See /usr/include/servers/bootstrap_defs.h for the error codes.
1531567267271	Marionette	INFO	Listening on port 60784
1531567267313	Marionette	WARN	TLS certificate errors will be ignored for this session
2018-07-14 20:21:07.917 plugin-container[4811:723179] *** CFMessagePort: bootstrap_register(): failed 1100 (0x44c) 'Permission denied', port = 0x9437, name = 'com.apple.tsm.portname'
See /usr/include/servers/bootstrap_defs.h for the error codes.
1531567360031	geckodriver	INFO	geckodriver 0.21.0
1531567360042	geckodriver	INFO	Listening on 127.0.0.1:60928
1531567361047	mozrunner::runner	INFO	Running command: "/Applications/Firefox.app/Contents/MacOS/firefox-bin" "-marionette" "-foreground" "-no-remote" "-profile" "/var/folders/h2/49brz8mn4qj04ljgy4r7gbc80000gn/T/rust_mozprofile.CVn4Nt56Ug8H"
2018-07-14 20:22:43.357 plugin-container[4828:724441] *** CFMessagePort: bootstrap_register(): failed 1100 (0x44c) 'Permission denied', port = 0x9a37, name = 'com.apple.tsm.portname'
See /usr/include/servers/bootstrap_defs.h for the error codes.
2018-07-14 20:22:43.790 plugin-container[4829:724479] *** CFMessagePort: bootstrap_register(): failed 1100 (0x44c) 'Permission denied', port = 0x973b, name = 'com.apple.tsm.portname'
See /usr/include/servers/bootstrap_defs.h for the error codes.
1531567364030	Marionette	INFO	Listening on port 60939
1531567364116	Marionette	WARN	TLS certificate errors will be ignored for this session
2018-07-14 20:22:44.994 plugin-container[4830:724594] *** CFMessagePort: bootstrap_register(): failed 1100 (0x44c) 'Permission denied', port = 0x9337, name = 'com.apple.tsm.portname'
See /usr/include/servers/bootstrap_defs.h for the error codes.
1531567383720	geckodriver	INFO	geckodriver 0.21.0
1531567383733	geckodriver	INFO	Listening on 127.0.0.1:61007
1531567384747	mozrunner::runner	INFO	Running command: "/Applications/Firefox.app/Contents/MacOS/firefox-bin" "-marionette" "-foreground" "-no-remote" "-profile" "/var/folders/h2/49brz8mn4qj04ljgy4r7gbc80000gn/T/rust_mozprofile.E8dmOeJ3wyKS"
2018-07-14 20:23:06.979 plugin-container[4838:725022] *** CFMessagePort: bootstrap_register(): failed 1100 (0x44c) 'Permission denied', port = 0x9633, name = 'com.apple.tsm.portname'
See /usr/include/servers/bootstrap_defs.h for the error codes.
2018-07-14 20:23:07.641 plugin-container[4839:725048] *** CFMessagePort: bootstrap_register(): failed 1100 (0x44c) 'Permission denied', port = 0x9637, name = 'com.apple.tsm.portname'
See /usr/include/servers/bootstrap_defs.h for the error codes.
1531567388568	Marionette	INFO	Listening on port 61018
1531567388626	Marionette	WARN	TLS certificate errors will be ignored for this session
2018-07-14 20:23:08.769 plugin-container[4840:725166] *** CFMessagePort: bootstrap_register(): failed 1100 (0x44c) 'Permission denied', port = 0x9337, name = 'com.apple.tsm.portname'
See /usr/include/servers/bootstrap_defs.h for the error codes.
1531567429612	geckodriver	INFO	geckodriver 0.21.0
1531567429623	geckodriver	INFO	Listening on 127.0.0.1:61106
1531567430631	mozrunner::runner	INFO	Running command: "/Applications/Firefox.app/Contents/MacOS/firefox-bin" "-marionette" "-foreground" "-no-remote" "-profile" "/var/folders/h2/49brz8mn4qj04ljgy4r7gbc80000gn/T/rust_mozprofile.6yHxSWy8uEIG"
2018-07-14 20:23:53.108 plugin-container[4851:726095] *** CFMessagePort: bootstrap_register(): failed 1100 (0x44c) 'Permission denied', port = 0x9637, name = 'com.apple.tsm.portname'
See /usr/include/servers/bootstrap_defs.h for the error codes.
2018-07-14 20:23:53.153 plugin-container[4852:726119] *** CFMessagePort: bootstrap_register(): failed 1100 (0x44c) 'Permission denied', port = 0x9937, name = 'com.apple.tsm.portname'
See /usr/include/servers/bootstrap_defs.h for the error codes.
1531567433589	Marionette	INFO	Listening on port 61117
1531567433655	Marionette	WARN	TLS certificate errors will be ignored for this session
2018-07-14 20:23:54.215 plugin-container[4853:726231] *** CFMessagePort: bootstrap_register(): failed 1100 (0x44c) 'Permission denied', port = 0x9333, name = 'com.apple.tsm.portname'
See /usr/include/servers/bootstrap_defs.h for the error codes.
*** UTM:SVC TimerManager:registerTimer called after profile-before-change notification. Ignoring timer registration for id: telemetry_modules_ping
